[debug] [2021-10-14T23:10:44.450Z] ----------------------------------------------------------------------
[debug] [2021-10-14T23:10:44.452Z] Command:       C:\Program Files\nodejs\node.exe C:\Program Files\nodejs\node_modules\firebase-tools\lib\bin\firebase.js deploy --only functions:AlwaysOnFunction
[debug] [2021-10-14T23:10:44.452Z] CLI Version:   9.20.0
[debug] [2021-10-14T23:10:44.452Z] Platform:      win32
[debug] [2021-10-14T23:10:44.452Z] Node Version:  v14.18.0
[debug] [2021-10-14T23:10:44.453Z] Time:          Thu Oct 14 2021 13:10:44 GMT-1000 (Hawaii-Aleutian Standard Time)
[debug] [2021-10-14T23:10:44.453Z] ----------------------------------------------------------------------
[debug] 
[debug] [2021-10-14T23:10:44.499Z] > command requires scopes: ["email","openid","https://www.googleapis.com/auth/cloudplatformprojects.readonly","https://www.googleapis.com/auth/firebase","https://www.googleapis.com/auth/cloud-platform"]
[debug] [2021-10-14T23:10:44.500Z] > authorizing via signed-in user (jlevien808@gmail.com)
[debug] [2021-10-14T23:10:44.500Z] [iam] checking project hokubot for permissions ["cloudfunctions.functions.create","cloudfunctions.functions.delete","cloudfunctions.functions.get","cloudfunctions.functions.list","cloudfunctions.functions.update","cloudfunctions.operations.get","firebase.projects.get"]
[debug] [2021-10-14T23:10:44.501Z] >>> HTTP REQUEST POST https://cloudresourcemanager.googleapis.com/v1/projects/hokubot:testIamPermissions  
 {"permissions":["cloudfunctions.functions.create","cloudfunctions.functions.delete","cloudfunctions.functions.get","cloudfunctions.functions.list","cloudfunctions.functions.update","cloudfunctions.operations.get","firebase.projects.get"]}
[debug] [2021-10-14T23:10:44.985Z] <<< HTTP RESPONSE 200 {"content-type":"application/json; charset=UTF-8","vary":"X-Origin, Referer, Origin,Accept-Encoding","date":"Thu, 14 Oct 2021 23:10:44 GMT","server":"ESF","cache-control":"private","x-xss-protection":"0","x-frame-options":"SAMEORIGIN","x-content-type-options":"nosniff","server-timing":"gfet4t7; dur=178","alt-svc":"h3=\":443\"; ma=2592000,h3-29=\":443\"; ma=2592000,h3-T051=\":443\"; ma=2592000,h3-Q050=\":443\"; ma=2592000,h3-Q046=\":443\"; ma=2592000,h3-Q043=\":443\"; ma=2592000,quic=\":443\"; ma=2592000; v=\"46,43\"","accept-ranges":"none","transfer-encoding":"chunked"}
[debug] [2021-10-14T23:10:44.986Z] >>> HTTP REQUEST POST https://iam.googleapis.com/v1/projects/hokubot/serviceAccounts/hokubot@appspot.gserviceaccount.com:testIamPermissions  
 {"permissions":["iam.serviceAccounts.actAs"]}
[debug] [2021-10-14T23:10:45.530Z] <<< HTTP RESPONSE 200 {"content-type":"application/json; charset=UTF-8","vary":"X-Origin, Referer, Origin,Accept-Encoding","date":"Thu, 14 Oct 2021 23:10:45 GMT","server":"ESF","cache-control":"private","x-xss-protection":"0","x-frame-options":"SAMEORIGIN","x-content-type-options":"nosniff","alt-svc":"h3=\":443\"; ma=2592000,h3-29=\":443\"; ma=2592000,h3-T051=\":443\"; ma=2592000,h3-Q050=\":443\"; ma=2592000,h3-Q046=\":443\"; ma=2592000,h3-Q043=\":443\"; ma=2592000,quic=\":443\"; ma=2592000; v=\"46,43\"","accept-ranges":"none","transfer-encoding":"chunked"}
[info] 
[info] === Deploying to 'hokubot'...
[info] 
[info] i  deploying functions 
[debug] [2021-10-14T23:10:45.535Z] Validating nodejs source
[warn] !  functions: package.json indicates an outdated version of firebase-functions.
Please upgrade using npm install --save firebase-functions@latest in your functions directory. 
[debug] [2021-10-14T23:10:48.040Z] > [functions] package.json contents: {
  "name": "functions",
  "description": "Cloud Functions for Firebase",
  "scripts": {
    "serve": "firebase emulators:start --only functions",
    "shell": "firebase functions:shell",
    "start": "npm run shell",
    "deploy": "firebase deploy --only functions",
    "logs": "firebase functions:log"
  },
  "engines": {
    "node": "14"
  },
  "main": "index.js",
  "dependencies": {
    "@google-cloud/monitoring": "^2.3.1",
    "canvas": "^2.8.0",
    "cookie-parser": "^1.4.5",
    "cors": "^2.8.5",
    "discord.js": "^12.5.3",
    "dotenv": "^8.2.0",
    "express": "^4.17.1",
    "firebase-admin": "^9.2.0",
    "firebase-functions": "^3.14.1",
    "google-trends-api": "^4.9.2",
    "html-to-text": "^8.0.0",
    "moment": "^2.29.1",
    "node-fetch": "^2.6.1",
    "tmi.js": "^1.8.3",
    "twitch": "^4.5.0",
    "twitch-auth": "^4.5.0",
    "twitch-chat-client": "^4.5.0",
    "twitch-eventsub": "^4.5.0",
    "twitch-pubsub-client": "^4.5.0",
    "twitch-webhooks": "^4.5.0",
    "web-vitals": "^1.0.1",
    "ytsearcher": "^1.2.3"
  },
  "devDependencies": {
    "firebase-functions-test": "^0.2.0"
  },
  "private": true
}
[debug] [2021-10-14T23:10:48.040Z] Building nodejs source
[info] i  functions: ensuring required API cloudfunctions.googleapis.com is enabled... 
[info] i  functions: ensuring required API cloudbuild.googleapis.com is enabled... 
[debug] [2021-10-14T23:10:48.042Z] >>> HTTP REQUEST GET https://serviceusage.googleapis.com/v1/projects/hokubot/services/cloudfunctions.googleapis.com  
 
[debug] [2021-10-14T23:10:48.042Z] >>> HTTP REQUEST GET https://serviceusage.googleapis.com/v1/projects/hokubot/services/runtimeconfig.googleapis.com  
 
[debug] [2021-10-14T23:10:48.042Z] >>> HTTP REQUEST GET https://serviceusage.googleapis.com/v1/projects/hokubot/services/cloudbuild.googleapis.com  
 
[debug] [2021-10-14T23:10:48.671Z] <<< HTTP RESPONSE 200 {"content-type":"application/json; charset=UTF-8","vary":"X-Origin, Referer, Origin,Accept-Encoding","date":"Thu, 14 Oct 2021 23:10:48 GMT","server":"ESF","cache-control":"private","x-xss-protection":"0","x-frame-options":"SAMEORIGIN","x-content-type-options":"nosniff","alt-svc":"h3=\":443\"; ma=2592000,h3-29=\":443\"; ma=2592000,h3-T051=\":443\"; ma=2592000,h3-Q050=\":443\"; ma=2592000,h3-Q046=\":443\"; ma=2592000,h3-Q043=\":443\"; ma=2592000,quic=\":443\"; ma=2592000; v=\"46,43\"","accept-ranges":"none","transfer-encoding":"chunked"}
[debug] [2021-10-14T23:10:48.770Z] <<< HTTP RESPONSE 200 {"content-type":"application/json; charset=UTF-8","vary":"X-Origin, Referer, Origin,Accept-Encoding","date":"Thu, 14 Oct 2021 23:10:48 GMT","server":"ESF","cache-control":"private","x-xss-protection":"0","x-frame-options":"SAMEORIGIN","x-content-type-options":"nosniff","alt-svc":"h3=\":443\"; ma=2592000,h3-29=\":443\"; ma=2592000,h3-T051=\":443\"; ma=2592000,h3-Q050=\":443\"; ma=2592000,h3-Q046=\":443\"; ma=2592000,h3-Q043=\":443\"; ma=2592000,quic=\":443\"; ma=2592000; v=\"46,43\"","accept-ranges":"none","transfer-encoding":"chunked"}
[info] +  functions: required API cloudbuild.googleapis.com is enabled 
[debug] [2021-10-14T23:10:48.798Z] <<< HTTP RESPONSE 200 {"content-type":"application/json; charset=UTF-8","vary":"X-Origin, Referer, Origin,Accept-Encoding","date":"Thu, 14 Oct 2021 23:10:48 GMT","server":"ESF","cache-control":"private","x-xss-protection":"0","x-frame-options":"SAMEORIGIN","x-content-type-options":"nosniff","alt-svc":"h3=\":443\"; ma=2592000,h3-29=\":443\"; ma=2592000,h3-T051=\":443\"; ma=2592000,h3-Q050=\":443\"; ma=2592000,h3-Q046=\":443\"; ma=2592000,h3-Q043=\":443\"; ma=2592000,quic=\":443\"; ma=2592000; v=\"46,43\"","accept-ranges":"none","transfer-encoding":"chunked"}
[info] +  functions: required API cloudfunctions.googleapis.com is enabled 
[debug] [2021-10-14T23:10:48.799Z] >>> HTTP REQUEST GET https://firebase.googleapis.com/v1beta1/projects/hokubot/adminSdkConfig  
 
[debug] [2021-10-14T23:10:49.151Z] <<< HTTP RESPONSE 200 {"content-type":"application/json; charset=UTF-8","vary":"X-Origin, Referer, Origin,Accept-Encoding","date":"Thu, 14 Oct 2021 23:10:48 GMT","server":"ESF","cache-control":"private","x-xss-protection":"0","x-frame-options":"SAMEORIGIN","x-content-type-options":"nosniff","alt-svc":"h3=\":443\"; ma=2592000,h3-29=\":443\"; ma=2592000,h3-T051=\":443\"; ma=2592000,h3-Q050=\":443\"; ma=2592000,h3-Q046=\":443\"; ma=2592000,h3-Q043=\":443\"; ma=2592000,quic=\":443\"; ma=2592000; v=\"46,43\"","accept-ranges":"none","transfer-encoding":"chunked"}
[debug] [2021-10-14T23:10:49.152Z] >>> HTTP REQUEST GET https://runtimeconfig.googleapis.com/v1beta1/projects/hokubot/configs  
 
[debug] [2021-10-14T23:10:49.585Z] <<< HTTP RESPONSE 200 {"content-type":"application/json; charset=UTF-8","vary":"X-Origin, Referer, Origin,Accept-Encoding","date":"Thu, 14 Oct 2021 23:10:49 GMT","server":"ESF","cache-control":"private","x-xss-protection":"0","x-frame-options":"SAMEORIGIN","x-content-type-options":"nosniff","alt-svc":"h3=\":443\"; ma=2592000,h3-29=\":443\"; ma=2592000,h3-T051=\":443\"; ma=2592000,h3-Q050=\":443\"; ma=2592000,h3-Q046=\":443\"; ma=2592000,h3-Q043=\":443\"; ma=2592000,quic=\":443\"; ma=2592000; v=\"46,43\"","accept-ranges":"none","transfer-encoding":"chunked"}
[debug] [2021-10-14T23:10:49.587Z] Analyzing nodejs backend spec
[info] i  functions: preparing functions directory for uploading... 
[info] i  functions: packaged functions (343.92 KB) for uploading 
[info] i  pubsub: ensuring required API pubsub.googleapis.com is enabled... 
[info] i  scheduler: ensuring required API cloudscheduler.googleapis.com is enabled... 
[debug] [2021-10-14T23:10:50.047Z] >>> HTTP REQUEST GET https://serviceusage.googleapis.com/v1/projects/hokubot/services/pubsub.googleapis.com  
 
[debug] [2021-10-14T23:10:50.047Z] >>> HTTP REQUEST GET https://serviceusage.googleapis.com/v1/projects/hokubot/services/cloudscheduler.googleapis.com  
 
[debug] [2021-10-14T23:10:50.048Z] >>> HTTP REQUEST GET https://cloudfunctions.googleapis.com/v1/projects/hokubot/locations/-/functions  
 
[debug] [2021-10-14T23:10:50.590Z] <<< HTTP RESPONSE 200 {"content-type":"application/json; charset=UTF-8","vary":"X-Origin, Referer, Origin,Accept-Encoding","date":"Thu, 14 Oct 2021 23:10:50 GMT","server":"ESF","cache-control":"private","x-xss-protection":"0","x-frame-options":"SAMEORIGIN","x-content-type-options":"nosniff","alt-svc":"h3=\":443\"; ma=2592000,h3-29=\":443\"; ma=2592000,h3-T051=\":443\"; ma=2592000,h3-Q050=\":443\"; ma=2592000,h3-Q046=\":443\"; ma=2592000,h3-Q043=\":443\"; ma=2592000,quic=\":443\"; ma=2592000; v=\"46,43\"","accept-ranges":"none","transfer-encoding":"chunked"}
[info] +  scheduler: required API cloudscheduler.googleapis.com is enabled 
[debug] [2021-10-14T23:10:50.694Z] <<< HTTP RESPONSE 200 {"content-type":"application/json; charset=UTF-8","vary":"X-Origin, Referer, Origin,Accept-Encoding","date":"Thu, 14 Oct 2021 23:10:50 GMT","server":"ESF","cache-control":"private","x-xss-protection":"0","x-frame-options":"SAMEORIGIN","x-content-type-options":"nosniff","alt-svc":"h3=\":443\"; ma=2592000,h3-29=\":443\"; ma=2592000,h3-T051=\":443\"; ma=2592000,h3-Q050=\":443\"; ma=2592000,h3-Q046=\":443\"; ma=2592000,h3-Q043=\":443\"; ma=2592000,quic=\":443\"; ma=2592000; v=\"46,43\"","accept-ranges":"none","transfer-encoding":"chunked"}
[info] +  pubsub: required API pubsub.googleapis.com is enabled 
[debug] [2021-10-14T23:10:50.856Z] <<< HTTP RESPONSE 200 {"content-type":"application/json; charset=UTF-8","vary":"X-Origin, Referer, Origin,Accept-Encoding","date":"Thu, 14 Oct 2021 23:10:50 GMT","server":"ESF","cache-control":"private","x-xss-protection":"0","x-frame-options":"SAMEORIGIN","x-content-type-options":"nosniff","alt-svc":"h3=\":443\"; ma=2592000,h3-29=\":443\"; ma=2592000,h3-T051=\":443\"; ma=2592000,h3-Q050=\":443\"; ma=2592000,h3-Q046=\":443\"; ma=2592000,h3-Q043=\":443\"; ma=2592000,quic=\":443\"; ma=2592000; v=\"46,43\"","accept-ranges":"none","transfer-encoding":"chunked"}
[debug] [2021-10-14T23:10:50.858Z] >>> HTTP REQUEST POST https://cloudfunctions.googleapis.com/v1/projects/hokubot/locations/us-central1/functions:generateUploadUrl  
 
[debug] [2021-10-14T23:10:51.636Z] <<< HTTP RESPONSE 200 {"content-type":"application/json; charset=UTF-8","vary":"X-Origin, Referer, Origin,Accept-Encoding","date":"Thu, 14 Oct 2021 23:10:51 GMT","server":"ESF","cache-control":"private","x-xss-protection":"0","x-frame-options":"SAMEORIGIN","x-content-type-options":"nosniff","alt-svc":"h3=\":443\"; ma=2592000,h3-29=\":443\"; ma=2592000,h3-T051=\":443\"; ma=2592000,h3-Q050=\":443\"; ma=2592000,h3-Q046=\":443\"; ma=2592000,h3-Q043=\":443\"; ma=2592000,quic=\":443\"; ma=2592000; v=\"46,43\"","accept-ranges":"none","transfer-encoding":"chunked"}
[debug] [2021-10-14T23:10:51.638Z] >>> HTTP REQUEST PUT https://storage.googleapis.com/gcf-upload-us-central1-96e56ab7-57df-48a8-89a1-b856310d72d6/d7086e0a-ab06-46f8-bf56-7ca3188aca65.zip?GoogleAccessId=service-666507686643@gcf-admin-robot.iam.gserviceaccount.com&Expires=1634254851&Signature=XS1sHExhRfpOjWEVklKCgLw%2FDNeU6bRQ2CqXAIEFo5FajaoyIBiRKmePUWzUSe%2FWUWcpRFcpoDQgK0Uxkqih1kBgdXU7hzg5D45xkBeC6cdhwSdb8BdyUaQ4sh9FvMaePUFBV2S54WpHwTg1D1hCqz8tmReo67w24VZf64C6ZIJmtr%2F7SFiVy6%2B3RwPpbJwF9QW2GM235mMyjaUPVCuE45sQT48Pc2r5tlm68vMVj8ElYRMjwmGAE5VOTv8kUp2kestCQTWBRWZz1CeQmFEU9pAFfkYItPBZ0jKOEQIs%2B3WgfLu0U2RG2XNsaMkavYJ2RUap%2FZSwAOczxXENF75KQA%3D%3D  
 <request body omitted>
[debug] [2021-10-14T23:10:52.320Z] <<< HTTP RESPONSE 200 {"x-guploader-uploadid":"ADPycdtZouSRfQGX4a-Ip-LMmJgMlvivjutN88V7S0B2s9i3Wa5w86KSbG2aMfswxbH8eNUuyysLoDsqJUuttFZaDSs","etag":"\"b4dbc261395e86e5711a8cb81f765b36\"","x-goog-generation":"1634253052020017","x-goog-metageneration":"1","x-goog-hash":"crc32c=KObSQg==, md5=tNvCYTlehuVxGoy4H3ZbNg==","x-goog-stored-content-length":"352170","x-goog-stored-content-encoding":"identity","vary":"Origin","content-length":"0","date":"Thu, 14 Oct 2021 23:10:52 GMT","server":"UploadServer","content-type":"text/html; charset=UTF-8","alt-svc":"h3=\":443\"; ma=2592000,h3-29=\":443\"; ma=2592000,h3-T051=\":443\"; ma=2592000,h3-Q050=\":443\"; ma=2592000,h3-Q046=\":443\"; ma=2592000,h3-Q043=\":443\"; ma=2592000,quic=\":443\"; ma=2592000; v=\"46,43\""}
[info] +  functions: functions folder uploaded successfully 
[info] i  functions: updating Node.js 14 function AlwaysOnFunction(us-central1)... 
[debug] [2021-10-14T23:10:52.324Z] >>> HTTP REQUEST GET https://cloudscheduler.googleapis.com/v1beta1/projects/hokubot/locations/us-west2/jobs/firebase-schedule-AlwaysOnFunction-us-central1  
 
[debug] [2021-10-14T23:10:52.324Z] >>> HTTP REQUEST PATCH https://cloudfunctions.googleapis.com/v1/projects/hokubot/locations/us-central1/functions/AlwaysOnFunction {"updateMask":"name,sourceUploadUrl,entryPoint,runtime,eventTrigger.eventType,eventTrigger.resource,eventTrigger.failurePolicy,availableMemoryMb,minInstances,maxInstances,labels,environmentVariables"} 
 {"name":"projects/hokubot/locations/us-central1/functions/AlwaysOnFunction","sourceUploadUrl":"https://storage.googleapis.com/gcf-upload-us-central1-96e56ab7-57df-48a8-89a1-b856310d72d6/d7086e0a-ab06-46f8-bf56-7ca3188aca65.zip?GoogleAccessId=service-666507686643@gcf-admin-robot.iam.gserviceaccount.com&Expires=1634254851&Signature=XS1sHExhRfpOjWEVklKCgLw%2FDNeU6bRQ2CqXAIEFo5FajaoyIBiRKmePUWzUSe%2FWUWcpRFcpoDQgK0Uxkqih1kBgdXU7hzg5D45xkBeC6cdhwSdb8BdyUaQ4sh9FvMaePUFBV2S54WpHwTg1D1hCqz8tmReo67w24VZf64C6ZIJmtr%2F7SFiVy6%2B3RwPpbJwF9QW2GM235mMyjaUPVCuE45sQT48Pc2r5tlm68vMVj8ElYRMjwmGAE5VOTv8kUp2kestCQTWBRWZz1CeQmFEU9pAFfkYItPBZ0jKOEQIs%2B3WgfLu0U2RG2XNsaMkavYJ2RUap%2FZSwAOczxXENF75KQA%3D%3D","entryPoint":"AlwaysOnFunction","runtime":"nodejs14","eventTrigger":{"eventType":"google.pubsub.topic.publish","resource":"projects/hokubot/topics/firebase-schedule-AlwaysOnFunction-us-central1"},"availableMemoryMb":128,"minInstances":1,"maxInstances":1,"labels":{"deployment-scheduled":"true","deployment-tool":"cli-firebase"},"environmentVariables":{"FIREBASE_CONFIG":"{\"projectId\":\"hokubot\",\"storageBucket\":\"hokubot.appspot.com\",\"locationId\":\"us-west2\"}","GCLOUD_PROJECT":"hokubot"}}
[debug] [2021-10-14T23:10:52.710Z] <<< HTTP RESPONSE 200 {"content-type":"application/json; charset=UTF-8","vary":"X-Origin, Referer, Origin,Accept-Encoding","date":"Thu, 14 Oct 2021 23:10:52 GMT","server":"ESF","cache-control":"private","x-xss-protection":"0","x-frame-options":"SAMEORIGIN","x-content-type-options":"nosniff","alt-svc":"h3=\":443\"; ma=2592000,h3-29=\":443\"; ma=2592000,h3-T051=\":443\"; ma=2592000,h3-Q050=\":443\"; ma=2592000,h3-Q046=\":443\"; ma=2592000,h3-Q043=\":443\"; ma=2592000,quic=\":443\"; ma=2592000; v=\"46,43\"","accept-ranges":"none","transfer-encoding":"chunked"}
[debug] [2021-10-14T23:10:52.711Z] >>> HTTP REQUEST PATCH https://cloudscheduler.googleapis.com/v1beta1/projects/hokubot/locations/us-west2/jobs/firebase-schedule-AlwaysOnFunction-us-central1  
 {"timeZone":"Pacific/Honolulu","name":"projects/hokubot/locations/us-west2/jobs/firebase-schedule-AlwaysOnFunction-us-central1","schedule":"16 13 * * *","pubsubTarget":{"topicName":"projects/hokubot/topics/firebase-schedule-AlwaysOnFunction-us-central1","attributes":{"scheduled":"true"}}}
[debug] [2021-10-14T23:10:52.900Z] <<< HTTP RESPONSE 200 {"content-type":"application/json; charset=UTF-8","vary":"X-Origin, Referer, Origin,Accept-Encoding","date":"Thu, 14 Oct 2021 23:10:52 GMT","server":"ESF","cache-control":"private","x-xss-protection":"0","x-frame-options":"SAMEORIGIN","x-content-type-options":"nosniff","alt-svc":"h3=\":443\"; ma=2592000,h3-29=\":443\"; ma=2592000,h3-T051=\":443\"; ma=2592000,h3-Q050=\":443\"; ma=2592000,h3-Q046=\":443\"; ma=2592000,h3-Q043=\":443\"; ma=2592000,quic=\":443\"; ma=2592000; v=\"46,43\"","accept-ranges":"none","transfer-encoding":"chunked"}
[debug] [2021-10-14T23:10:52.901Z] > refreshing access token with scopes: []
[debug] [2021-10-14T23:10:52.902Z] >>> HTTP REQUEST POST https://www.googleapis.com/oauth2/v3/token  
 <request body omitted>
[debug] [2021-10-14T23:10:53.156Z] <<< HTTP RESPONSE 200 {"content-type":"application/json; charset=UTF-8","vary":"X-Origin, Referer, Origin,Accept-Encoding","date":"Thu, 14 Oct 2021 23:10:52 GMT","server":"ESF","cache-control":"private","x-xss-protection":"0","x-frame-options":"SAMEORIGIN","x-content-type-options":"nosniff","alt-svc":"h3=\":443\"; ma=2592000,h3-29=\":443\"; ma=2592000,h3-T051=\":443\"; ma=2592000,h3-Q050=\":443\"; ma=2592000,h3-Q046=\":443\"; ma=2592000,h3-Q043=\":443\"; ma=2592000,quic=\":443\"; ma=2592000; v=\"46,43\"","accept-ranges":"none","transfer-encoding":"chunked"}
[debug] [2021-10-14T23:10:53.156Z] updated scheduler job firebase-schedule-AlwaysOnFunction-us-central1
[info] +  functions[AlwaysOnFunction(us-central1)]: Successful upsert schedule operation.  
[debug] [2021-10-14T23:10:53.177Z] <<< HTTP RESPONSE 200 {"expires":"Mon, 01 Jan 1990 00:00:00 GMT","pragma":"no-cache","cache-control":"no-cache, no-store, max-age=0, must-revalidate","date":"Thu, 14 Oct 2021 23:10:52 GMT","content-type":"application/json; charset=utf-8","vary":"X-Origin, Referer, Origin,Accept-Encoding","server":"scaffolding on HTTPServer2","x-xss-protection":"0","x-frame-options":"SAMEORIGIN","x-content-type-options":"nosniff","alt-svc":"h3=\":443\"; ma=2592000,h3-29=\":443\"; ma=2592000,h3-T051=\":443\"; ma=2592000,h3-Q050=\":443\"; ma=2592000,h3-Q046=\":443\"; ma=2592000,h3-Q043=\":443\"; ma=2592000,quic=\":443\"; ma=2592000; v=\"46,43\"","accept-ranges":"none","transfer-encoding":"chunked"}
[debug] [2021-10-14T23:10:53.196Z] >>> [apiv2][query] GET https://cloudfunctions.googleapis.com/v1/operations/aG9rdWJvdC91cy1jZW50cmFsMS9BbHdheXNPbkZ1bmN0aW9uL0NUYjV1dDZCQkhV [none]
